Arguments: 
  C:\Program Files\nodejs\node.exe C:\Users\gumal\AppData\Roaming\npm\node_modules\yarn\bin\yarn.js add @reduxjs/toolkit

PATH: 
  C:\Users\gumal\bin;C:\Program Files\Git\mingw64\bin;C:\Program Files\Git\usr\local\bin;C:\Program Files\Git\usr\bin;C:\Program Files\Git\usr\bin;C:\Program Files\Git\mingw64\bin;C:\Program Files\Git\usr\bin;C:\Users\gumal\bin;C:\Program Files (x86)\Common Files\Oracle\Java\javapath;C:\Program Files\Microsoft\jdk-11.0.20.8-hotspot\bin;C:\WINDOWS\system32;C:\WINDOWS;C:\WINDOWS\System32\Wbem;C:\WINDOWS\System32\WindowsPowerShell\v1.0;C:\WINDOWS\System32\OpenSSH;C:\ProgramData\chocolatey\bin;C:\Program Files\Git\cmd;C:\Program Files\Docker\Docker\resources\bin;C:\Program Files\dotnet;C:\Program Files\nodejs;C:\Program Files\Microsoft\jdk-11.0.20.8-hotspot\bin;C:\Users\gumal\AppData\Local\Microsoft\WindowsApps;C:\Users\gumal\AppData\Local\Programs\Microsoft VS Code\bin;C:\Users\gumal\AppData\Roaming\npm;C:\Program Files\Git\usr\bin\vendor_perl;C:\Program Files\Git\usr\bin\core_perl

Yarn version: 
  1.22.19

Node version: 
  18.17.1

Platform: 
  win32 x64

Trace: 
  Error: EPERM: operation not permitted, unlink 'C:\Users\gumal\OneDrive\Área de Trabalho\malimpensadoces\node_modules\@esbuild\win32-x64\esbuild.exe'

npm manifest: 
  {
    "name": "malimpensa-doces",
    "private": true,
    "version": "0.0.0",
    "type": "module",
    "scripts": {
      "dev": "vite",
      "build": "vite build",
      "preview": "vite preview"
    },
    "dependencies": {
      "@react-three/drei": "^9.60.0",
      "@react-three/fiber": "^8.12.0",
      "@types/three": "^0.150.0",
      "aos": "^2.3.4",
      "gsap": "^3.11.5",
      "gsap-trial": "^3.11.5",
      "react": "^18.2.0",
      "react-countup": "^6.4.2",
      "react-dom": "^18.2.0",
      "react-icons": "^4.8.0",
      "react-redux": "^8.1.2",
      "react-router-dom": "^6.9.0",
      "redux": "^4.2.1",
      "sass": "^1.60.0",
      "styled-components": "^5.3.6",
      "tailwind": "^4.0.0",
      "three": "^0.151.2"
    },
    "devDependencies": {
      "@types/react": "^18.0.28",
      "@types/react-dom": "^18.0.11",
      "@vitejs/plugin-react": "^3.1.0",
      "autoprefixer": "^10.4.14",
      "postcss": "^8.4.21",
      "tailwindcss": "^3.2.7",
      "vite": "^4.3.9"
    }
  }

yarn manifest: 
  No manifest

Lockfile: 
  No lockfile
